Start testing: Aug 15 12:40 UTC
----------------------------------------------------------
1/1 Testing: ct_prog_test
1/1 Test: ct_prog_test
Command: "/workspaces/Thesis/libs/ct_prog/ct_prog_test"
Directory: /workspaces/Thesis/libs/ct_prog
"ct_prog_test" start time: Aug 15 12:40 UTC
Output:
----------------------------------------------------------
starting test...

basic match: [FAILED]
<end of output>
Test time =   0.00 sec
----------------------------------------------------------
Test Passed.
"ct_prog_test" end time: Aug 15 12:40 UTC
"ct_prog_test" time elapsed: 00:00:00
----------------------------------------------------------

End testing: Aug 15 12:40 UTC
